<?xml version="1.0" encoding="UTF-8"?>
<robot generator="Robot 4.1 (Python 3.7.1 on win32)" generated="20221002 09:59:12.541" rpa="false" schemaversion="2">
<suite id="s1" name="JavaTest" source="C:\Users\mattb\eclipse\JavaTest">
<suite id="s1-s1" name="Premier-test" source="C:\Users\mattb\eclipse\JavaTest\Premier-test">
<suite id="s1-s1-s1" name="Suite1" source="C:\Users\mattb\eclipse\JavaTest\Premier-test\Suite1.robot">
<test id="s1-s1-s1-t1" name="premiertest">
<kw name="Log hello world">
<msg timestamp="20221002 09:59:12.600" level="FAIL">No keyword with name 'Log hello world' found.</msg>
<status status="FAIL" starttime="20221002 09:59:12.600" endtime="20221002 09:59:12.601"/>
</kw>
<status status="FAIL" starttime="20221002 09:59:12.598" endtime="20221002 09:59:12.601">No keyword with name 'Log hello world' found.</status>
</test>
<status status="FAIL" starttime="20221002 09:59:12.595" endtime="20221002 09:59:12.602"/>
</suite>
<status status="FAIL" starttime="20221002 09:59:12.592" endtime="20221002 09:59:12.603"/>
</suite>
<status status="FAIL" starttime="20221002 09:59:12.573" endtime="20221002 09:59:12.604"/>
</suite>
<statistics>
<total>
<stat pass="0" fail="1" skip="0">All Tests</stat>
</total>
<tag>
</tag>
<suite>
<stat pass="0" fail="1" skip="0" id="s1" name="JavaTest">JavaTest</stat>
<stat pass="0" fail="1" skip="0" id="s1-s1" name="Premier-test">JavaTest.Premier-test</stat>
<stat pass="0" fail="1" skip="0" id="s1-s1-s1" name="Suite1">JavaTest.Premier-test.Suite1</stat>
</suite>
</statistics>
<errors>
</errors>
</robot>
